<?xml version="1.0" encoding="UTF-8"?>
<!-- Generated by org.testng.reporters.JUnitReportReporter -->
<testsuite hostname="DESKTOP-1B6RNR1" failures="0" tests="6" name="TestNG1.Flag" time="0.032" errors="0" timestamp="2022-06-06T09:26:24 IST" skipped="0">
  <testcase classname="TestNG1.Flag" name="it5" time="0.001"/>
  <system-out>
    <![CDATA[it5]]>
  </system-out>
  <testcase classname="TestNG1.Flag" name="it6" time="0.005"/>
  <system-out>
    <![CDATA[it6]]>
  </system-out>
  <testcase classname="TestNG1.Flag" name="it1" time="0.016"/>
  <system-out>
    <![CDATA[it1]]>
  </system-out>
  <testcase classname="TestNG1.Flag" name="it4" time="0.004"/>
  <system-out>
    <![CDATA[it4]]>
  </system-out>
  <testcase classname="TestNG1.Flag" name="it2" time="0.002"/>
  <system-out>
    <![CDATA[it2]]>
  </system-out>
  <testcase classname="TestNG1.Flag" name="it3" time="0.004"/>
  <system-out>
    <![CDATA[it3]]>
  </system-out>
</testsuite> <!-- TestNG1.Flag -->
