<?xml version="1.0" encoding="UTF-8"?>
<!-- Generated by org.testng.reporters.JUnitReportReporter -->
<testsuite hostname="DESKTOP-1B6RNR1" failures="0" tests="5" name="Testngpack.Demo" time="0.012" errors="0" timestamp="2022-06-03T09:52:23 IST" skipped="0">
  <testcase classname="Testngpack.Demo" name="method4" time="0.001"/>
  <system-out>
    <![CDATA[method4 executed,true]]>
  </system-out>
  <testcase classname="Testngpack.Demo" name="method5" time="0.002"/>
  <system-out>
    <![CDATA[method5 executed,true]]>
  </system-out>
  <testcase classname="Testngpack.Demo" name="method2" time="0.001"/>
  <system-out>
    <![CDATA[method2 executed,true]]>
  </system-out>
  <testcase classname="Testngpack.Demo" name="method3" time="0.001"/>
  <system-out>
    <![CDATA[method3 executed,true]]>
  </system-out>
  <testcase classname="Testngpack.Demo" name="method1" time="0.007"/>
  <system-out>
    <![CDATA[method1 executed,true]]>
  </system-out>
</testsuite> <!-- Testngpack.Demo -->
